# JRE version: OpenJDK Runtime Environment (8.0_121-b13) (build 1.8.0_121-b13)
# Java VM: OpenJDK 64-Bit Server VM (25.121-b13 mixed mode linux-amd64 compressed oops)
Heap:
 par new generation   total 306688K, used 156514K [0x00000004c0000000, 0x00000004d4cc0000, 0x00000004d4cc0000)
  eden space 272640K,  55% used [0x00000004c0000000, 0x00000004c9327ec0, 0x00000004d0a40000)
  from space 34048K,  17% used [0x00000004d0a40000, 0x00000004d0ff0a20, 0x00000004d2b80000)
  to   space 34048K,   0% used [0x00000004d2b80000, 0x00000004d2b80000, 0x00000004d4cc0000)
 concurrent mark-sweep generation total 1905396K, used 1290460K [0x00000004d4cc0000, 0x000000054917d000, 0x00000007c0000000)
 Metaspace       used 104758K, capacity 105834K, committed 106188K, reserved 1142784K
  class space    used 13380K, capacity 13622K, committed 13680K, reserved 1048576K
GC Heap History (10 events):
Event: 86.487 GC heap before
{Heap before GC invocations=56 (full 8):
 par new generation   total 306688K, used 230088K [0x00000004c0000000, 0x00000004d4cc0000, 0x00000004d4cc0000)
  eden space 272640K,  80% used [0x00000004c0000000, 0x00000004cd68b900, 0x00000004d0a40000)
  from space 34048K,  30% used [0x00000004d2b80000, 0x00000004d35a6940, 0x00000004d4cc0000)
  to   space 34048K,   0% used [0x00000004d0a40000, 0x00000004d0a40000, 0x00000004d2b80000)
 concurrent mark-sweep generation total 1463656K, used 987707K [0x00000004d4cc0000, 0x000000052e21a000, 0x00000007c0000000)
 Metaspace       used 104532K, capacity 105574K, committed 105932K, reserved 1142784K
  class space    used 13334K, capacity 13558K, committed 13680K, reserved 1048576K
Event: 86.539 GC heap after
Heap after GC invocations=57 (full 8):
 par new generation   total 306688K, used 2600K [0x00000004c0000000, 0x00000004d4cc0000, 0x00000004d4cc0000)
  eden space 272640K,   0% used [0x00000004c0000000, 0x00000004c0000000, 0x00000004d0a40000)
  from space 34048K,   7% used [0x00000004d0a40000, 0x00000004d0cca0e0, 0x00000004d2b80000)
  to   space 34048K,   0% used [0x00000004d2b80000, 0x00000004d2b80000, 0x00000004d4cc0000)
 concurrent mark-sweep generation total 1463656K, used 1143236K [0x00000004d4cc0000, 0x000000052e21a000, 0x00000007c0000000)
 Metaspace       used 104532K, capacity 105574K, committed 105932K, reserved 1142784K
  class space    used 13334K, capacity 13558K, committed 13680K, reserved 1048576K
}
Event: 86.646 GC heap before
{Heap before GC invocations=57 (full 8):
 par new generation   total 306688K, used 274800K [0x00000004c0000000, 0x00000004d4cc0000, 0x00000004d4cc0000)
  eden space 272640K,  99% used [0x00000004c0000000, 0x00000004d09d2120, 0x00000004d0a40000)
  from space 34048K,   7% used [0x00000004d0a40000, 0x00000004d0cca0e0, 0x00000004d2b80000)
  to   space 34048K,   0% used [0x00000004d2b80000, 0x00000004d2b80000, 0x00000004d4cc0000)
 concurrent mark-sweep generation total 1905396K, used 1143236K [0x00000004d4cc0000, 0x000000054917d000, 0x00000007c0000000)
 Metaspace       used 104532K, capacity 105574K, committed 105932K, reserved 1142784K
  class space    used 13334K, capacity 13558K, committed 13680K, reserved 1048576K
Event: 86.691 GC heap after
Heap after GC invocations=58 (full 8):
 par new generation   total 306688K, used 32434K [0x00000004c0000000, 0x00000004d4cc0000, 0x00000004d4cc0000)
  eden space 272640K,   0% used [0x00000004c0000000, 0x00000004c0000000, 0x00000004d0a40000)
  from space 34048K,  95% used [0x00000004d2b80000, 0x00000004d4b2c858, 0x00000004d4cc0000)
  to   space 34048K,   0% used [0x00000004d0a40000, 0x00000004d0a40000, 0x00000004d2b80000)
 concurrent mark-sweep generation total 1905396K, used 1253064K [0x00000004d4cc0000, 0x000000054917d000, 0x00000007c0000000)
 Metaspace       used 104532K, capacity 105574K, committed 105932K, reserved 1142784K
  class space    used 13334K, capacity 13558K, committed 13680K, reserved 1048576K
}
Event: 86.761 GC heap before
{Heap before GC invocations=58 (full 9):
 par new generation   total 306688K, used 304350K [0x00000004c0000000, 0x00000004d4cc0000, 0x00000004d4cc0000)
  eden space 272640K,  99% used [0x00000004c0000000, 0x00000004d098b338, 0x00000004d0a40000)
  from space 34048K,  95% used [0x00000004d2b80000, 0x00000004d4b2c858, 0x00000004d4cc0000)
  to   space 34048K,   0% used [0x00000004d0a40000, 0x00000004d0a40000, 0x00000004d2b80000)
 concurrent mark-sweep generation total 1905396K, used 1253064K [0x00000004d4cc0000, 0x000000054917d000, 0x00000007c0000000)
 Metaspace       used 104532K, capacity 105574K, committed 105932K, reserved 1142784K
  class space    used 13334K, capacity 13558K, committed 13680K, reserved 1048576K
Event: 86.847 GC heap after
Heap after GC invocations=59 (full 9):
 par new generation   total 306688K, used 30708K [0x00000004c0000000, 0x00000004d4cc0000, 0x00000004d4cc0000)
  eden space 272640K,   0% used [0x00000004c0000000, 0x00000004c0000000, 0x00000004d0a40000)
  from space 34048K,  90% used [0x00000004d0a40000, 0x00000004d283d058, 0x00000004d2b80000)
  to   space 34048K,   0% used [0x00000004d2b80000, 0x00000004d2b80000, 0x00000004d4cc0000)
 concurrent mark-sweep generation total 1905396K, used 1525617K [0x00000004d4cc0000, 0x000000054917d000, 0x00000007c0000000)
 Metaspace       used 104532K, capacity 105574K, committed 105932K, reserved 1142784K
  class space    used 13334K, capacity 13558K, committed 13680K, reserved 1048576K
}
Event: 87.154 GC heap before
{Heap before GC invocations=59 (full 9):
 par new generation   total 306688K, used 303348K [0x00000004c0000000, 0x00000004d4cc0000, 0x00000004d4cc0000)
  eden space 272640K, 100% used [0x00000004c0000000, 0x00000004d0a40000, 0x00000004d0a40000)
  from space 34048K,  90% used [0x00000004d0a40000, 0x00000004d283d058, 0x00000004d2b80000)
  to   space 34048K,   0% used [0x00000004d2b80000, 0x00000004d2b80000, 0x00000004d4cc0000)
 concurrent mark-sweep generation total 1905396K, used 1525617K [0x00000004d4cc0000, 0x000000054917d000, 0x00000007c0000000)
 Metaspace       used 104737K, capacity 105738K, committed 105932K, reserved 1142784K
  class space    used 13373K, capacity 13590K, committed 13680K, reserved 1048576K
Event: 87.286 GC heap after
Heap after GC invocations=60 (full 9):
 par new generation   total 306688K, used 34048K [0x00000004c0000000, 0x00000004d4cc0000, 0x00000004d4cc0000)
  eden space 272640K,   0% used [0x00000004c0000000, 0x00000004c0000000, 0x00000004d0a40000)
  from space 34048K, 100% used [0x00000004d2b80000, 0x00000004d4cc0000, 0x00000004d4cc0000)
  to   space 34048K,   0% used [0x00000004d0a40000, 0x00000004d0a40000, 0x00000004d2b80000)
 concurrent mark-sweep generation total 1905396K, used 1647345K [0x00000004d4cc0000, 0x000000054917d000, 0x00000007c0000000)
 Metaspace       used 104737K, capacity 105738K, committed 105932K, reserved 1142784K
  class space    used 13373K, capacity 13590K, committed 13680K, reserved 1048576K
}
Event: 87.426 GC heap before
{Heap before GC invocations=60 (full 9):
 par new generation   total 306688K, used 306688K [0x00000004c0000000, 0x00000004d4cc0000, 0x00000004d4cc0000)
  eden space 272640K, 100% used [0x00000004c0000000, 0x00000004d0a40000, 0x00000004d0a40000)
  from space 34048K, 100% used [0x00000004d2b80000, 0x00000004d4cc0000, 0x00000004d4cc0000)
  to   space 34048K,   0% used [0x00000004d0a40000, 0x00000004d0a40000, 0x00000004d2b80000)
 concurrent mark-sweep generation total 1905396K, used 1647345K [0x00000004d4cc0000, 0x000000054917d000, 0x00000007c0000000)
 Metaspace       used 104737K, capacity 105738K, committed 105932K, reserved 1142784K
  class space    used 13373K, capacity 13590K, committed 13680K, reserved 1048576K
Event: 87.481 GC heap after
Heap after GC invocations=61 (full 9):
 par new generation   total 306688K, used 5826K [0x00000004c0000000, 0x00000004d4cc0000, 0x00000004d4cc0000)
  eden space 272640K,   0% used [0x00000004c0000000, 0x00000004c0000000, 0x00000004d0a40000)
  from space 34048K,  17% used [0x00000004d0a40000, 0x00000004d0ff0a20, 0x00000004d2b80000)
  to   space 34048K,   0% used [0x00000004d2b80000, 0x00000004d2b80000, 0x00000004d4cc0000)
 concurrent mark-sweep generation total 1905396K, used 1663031K [0x00000004d4cc0000, 0x000000054917d000, 0x00000007c0000000)
 Metaspace       used 104737K, capacity 105738K, committed 105932K, reserved 1142784K
  class space    used 13373K, capacity 13590K, committed 13680K, reserved 1048576K
}

