# JRE version: OpenJDK Runtime Environment (8.0_121-b13) (build 1.8.0_121-b13)
# Java VM: OpenJDK 64-Bit Server VM (25.121-b13 mixed mode linux-amd64 compressed oops)
Heap:
 par new generation   total 306688K, used 129986K [0x00000004c0000000, 0x00000004d4cc0000, 0x00000004d4cc0000)
  eden space 272640K,  46% used [0x00000004c0000000, 0x00000004c7bc5948, 0x00000004d0a40000)
  from space 34048K,   9% used [0x00000004d2b80000, 0x00000004d2eab238, 0x00000004d4cc0000)
  to   space 34048K,   0% used [0x00000004d0a40000, 0x00000004d0a40000, 0x00000004d2b80000)
 concurrent mark-sweep generation total 4316856K, used 3677263K [0x00000004d4cc0000, 0x00000005dc46e000, 0x00000007c0000000)
 Metaspace       used 111214K, capacity 112694K, committed 113012K, reserved 1148928K
  class space    used 13934K, capacity 14211K, committed 14304K, reserved 1048576K
GC Heap History (10 events):
Event: 10851.352 GC heap before
{Heap before GC invocations=3687 (full 339):
 par new generation   total 306688K, used 299099K [0x00000004c0000000, 0x00000004d4cc0000, 0x00000004d4cc0000)
  eden space 272640K,  97% used [0x00000004c0000000, 0x00000004d02d6f68, 0x00000004d0a40000)
  from space 34048K, 100% used [0x00000004d0a40000, 0x00000004d2b80000, 0x00000004d2b80000)
  to   space 34048K,   0% used [0x00000004d2b80000, 0x00000004d2b80000, 0x00000004d4cc0000)
 concurrent mark-sweep generation total 4316856K, used 3422897K [0x00000004d4cc0000, 0x00000005dc46e000, 0x00000007c0000000)
 Metaspace       used 111214K, capacity 112694K, committed 113012K, reserved 1148928K
  class space    used 13934K, capacity 14211K, committed 14304K, reserved 1048576K
Event: 10851.555 GC heap after
Heap after GC invocations=3688 (full 339):
 par new generation   total 306688K, used 34048K [0x00000004c0000000, 0x00000004d4cc0000, 0x00000004d4cc0000)
  eden space 272640K,   0% used [0x00000004c0000000, 0x00000004c0000000, 0x00000004d0a40000)
  from space 34048K, 100% used [0x00000004d2b80000, 0x00000004d4cc0000, 0x00000004d4cc0000)
  to   space 34048K,   0% used [0x00000004d0a40000, 0x00000004d0a40000, 0x00000004d2b80000)
 concurrent mark-sweep generation total 4316856K, used 3551371K [0x00000004d4cc0000, 0x00000005dc46e000, 0x00000007c0000000)
 Metaspace       used 111214K, capacity 112694K, committed 113012K, reserved 1148928K
  class space    used 13934K, capacity 14211K, committed 14304K, reserved 1048576K
}
Event: 10851.639 GC heap before
{Heap before GC invocations=3688 (full 339):
 par new generation   total 306688K, used 306688K [0x00000004c0000000, 0x00000004d4cc0000, 0x00000004d4cc0000)
  eden space 272640K, 100% used [0x00000004c0000000, 0x00000004d0a40000, 0x00000004d0a40000)
  from space 34048K, 100% used [0x00000004d2b80000, 0x00000004d4cc0000, 0x00000004d4cc0000)
  to   space 34048K,   0% used [0x00000004d0a40000, 0x00000004d0a40000, 0x00000004d2b80000)
 concurrent mark-sweep generation total 4316856K, used 3523371K [0x00000004d4cc0000, 0x00000005dc46e000, 0x00000007c0000000)
 Metaspace       used 111214K, capacity 112694K, committed 113012K, reserved 1148928K
  class space    used 13934K, capacity 14211K, committed 14304K, reserved 1048576K
Event: 10851.708 GC heap after
Heap after GC invocations=3689 (full 339):
 par new generation   total 306688K, used 34048K [0x00000004c0000000, 0x00000004d4cc0000, 0x00000004d4cc0000)
  eden space 272640K,   0% used [0x00000004c0000000, 0x00000004c0000000, 0x00000004d0a40000)
  from space 34048K, 100% used [0x00000004d0a40000, 0x00000004d2b80000, 0x00000004d2b80000)
  to   space 34048K,   0% used [0x00000004d2b80000, 0x00000004d2b80000, 0x00000004d4cc0000)
 concurrent mark-sweep generation total 4316856K, used 3656601K [0x00000004d4cc0000, 0x00000005dc46e000, 0x00000007c0000000)
 Metaspace       used 111214K, capacity 112694K, committed 113012K, reserved 1148928K
  class space    used 13934K, capacity 14211K, committed 14304K, reserved 1048576K
}
Event: 10851.836 GC heap before
{Heap before GC invocations=3689 (full 339):
 par new generation   total 306688K, used 306688K [0x00000004c0000000, 0x00000004d4cc0000, 0x00000004d4cc0000)
  eden space 272640K, 100% used [0x00000004c0000000, 0x00000004d0a40000, 0x00000004d0a40000)
  from space 34048K, 100% used [0x00000004d0a40000, 0x00000004d2b80000, 0x00000004d2b80000)
  to   space 34048K,   0% used [0x00000004d2b80000, 0x00000004d2b80000, 0x00000004d4cc0000)
 concurrent mark-sweep generation total 4316856K, used 3656601K [0x00000004d4cc0000, 0x00000005dc46e000, 0x00000007c0000000)
 Metaspace       used 111214K, capacity 112694K, committed 113012K, reserved 1148928K
  class space    used 13934K, capacity 14211K, committed 14304K, reserved 1048576K
Event: 10851.849 GC heap after
Heap after GC invocations=3690 (full 339):
 par new generation   total 306688K, used 3627K [0x00000004c0000000, 0x00000004d4cc0000, 0x00000004d4cc0000)
  eden space 272640K,   0% used [0x00000004c0000000, 0x00000004c0000000, 0x00000004d0a40000)
  from space 34048K,  10% used [0x00000004d2b80000, 0x00000004d2f0af50, 0x00000004d4cc0000)
  to   space 34048K,   0% used [0x00000004d0a40000, 0x00000004d0a40000, 0x00000004d2b80000)
 concurrent mark-sweep generation total 4316856K, used 3677263K [0x00000004d4cc0000, 0x00000005dc46e000, 0x00000007c0000000)
 Metaspace       used 111214K, capacity 112694K, committed 113012K, reserved 1148928K
  class space    used 13934K, capacity 14211K, committed 14304K, reserved 1048576K
}
Event: 10851.979 GC heap before
{Heap before GC invocations=3690 (full 339):
 par new generation   total 306688K, used 276267K [0x00000004c0000000, 0x00000004d4cc0000, 0x00000004d4cc0000)
  eden space 272640K, 100% used [0x00000004c0000000, 0x00000004d0a40000, 0x00000004d0a40000)
  from space 34048K,  10% used [0x00000004d2b80000, 0x00000004d2f0af50, 0x00000004d4cc0000)
  to   space 34048K,   0% used [0x00000004d0a40000, 0x00000004d0a40000, 0x00000004d2b80000)
 concurrent mark-sweep generation total 4316856K, used 3677263K [0x00000004d4cc0000, 0x00000005dc46e000, 0x00000007c0000000)
 Metaspace       used 111214K, capacity 112694K, committed 113012K, reserved 1148928K
  class space    used 13934K, capacity 14211K, committed 14304K, reserved 1048576K
Event: 10851.987 GC heap after
Heap after GC invocations=3691 (full 339):
 par new generation   total 306688K, used 2896K [0x00000004c0000000, 0x00000004d4cc0000, 0x00000004d4cc0000)
  eden space 272640K,   0% used [0x00000004c0000000, 0x00000004c0000000, 0x00000004d0a40000)
  from space 34048K,   8% used [0x00000004d0a40000, 0x00000004d0d14210, 0x00000004d2b80000)
  to   space 34048K,   0% used [0x00000004d2b80000, 0x00000004d2b80000, 0x00000004d4cc0000)
 concurrent mark-sweep generation total 4316856K, used 3677263K [0x00000004d4cc0000, 0x00000005dc46e000, 0x00000007c0000000)
 Metaspace       used 111214K, capacity 112694K, committed 113012K, reserved 1148928K
  class space    used 13934K, capacity 14211K, committed 14304K, reserved 1048576K
}
Event: 10852.113 GC heap before
{Heap before GC invocations=3691 (full 339):
 par new generation   total 306688K, used 275536K [0x00000004c0000000, 0x00000004d4cc0000, 0x00000004d4cc0000)
  eden space 272640K, 100% used [0x00000004c0000000, 0x00000004d0a40000, 0x00000004d0a40000)
  from space 34048K,   8% used [0x00000004d0a40000, 0x00000004d0d14210, 0x00000004d2b80000)
  to   space 34048K,   0% used [0x00000004d2b80000, 0x00000004d2b80000, 0x00000004d4cc0000)
 concurrent mark-sweep generation total 4316856K, used 3677263K [0x00000004d4cc0000, 0x00000005dc46e000, 0x00000007c0000000)
 Metaspace       used 111214K, capacity 112694K, committed 113012K, reserved 1148928K
  class space    used 13934K, capacity 14211K, committed 14304K, reserved 1048576K
Event: 10852.121 GC heap after
Heap after GC invocations=3692 (full 339):
 par new generation   total 306688K, used 3244K [0x00000004c0000000, 0x00000004d4cc0000, 0x00000004d4cc0000)
  eden space 272640K,   0% used [0x00000004c0000000, 0x00000004c0000000, 0x00000004d0a40000)
  from space 34048K,   9% used [0x00000004d2b80000, 0x00000004d2eab238, 0x00000004d4cc0000)
  to   space 34048K,   0% used [0x00000004d0a40000, 0x00000004d0a40000, 0x00000004d2b80000)
 concurrent mark-sweep generation total 4316856K, used 3677263K [0x00000004d4cc0000, 0x00000005dc46e000, 0x00000007c0000000)
 Metaspace       used 111214K, capacity 112694K, committed 113012K, reserved 1148928K
  class space    used 13934K, capacity 14211K, committed 14304K, reserved 1048576K
}

