# JRE version: OpenJDK Runtime Environment (8.0_121-b13) (build 1.8.0_121-b13)
# Java VM: OpenJDK 64-Bit Server VM (25.121-b13 mixed mode linux-amd64 compressed oops)
Heap:
 par new generation   total 306688K, used 96235K [0x00000004c0000000, 0x00000004d4cc0000, 0x00000004d4cc0000)
  eden space 272640K,  34% used [0x00000004c0000000, 0x00000004c5cd4f50, 0x00000004d0a40000)
  from space 34048K,   3% used [0x00000004d0a40000, 0x00000004d0b65fa8, 0x00000004d2b80000)
  to   space 34048K,   0% used [0x00000004d2b80000, 0x00000004d2b80000, 0x00000004d4cc0000)
 concurrent mark-sweep generation total 9988756K, used 6301729K [0x00000004d4cc0000, 0x0000000736765000, 0x00000007c0000000)
 Metaspace       used 108564K, capacity 109928K, committed 110064K, reserved 1144832K
  class space    used 13748K, capacity 14025K, committed 14124K, reserved 1048576K
GC Heap History (10 events):
Event: 943.215 GC heap before
{Heap before GC invocations=2534 (full 37):
 par new generation   total 306688K, used 279485K [0x00000004c0000000, 0x00000004d4cc0000, 0x00000004d4cc0000)
  eden space 272640K, 100% used [0x00000004c0000000, 0x00000004d0a40000, 0x00000004d0a40000)
  from space 34048K,  20% used [0x00000004d2b80000, 0x00000004d322f4d0, 0x00000004d4cc0000)
  to   space 34048K,   0% used [0x00000004d0a40000, 0x00000004d0a40000, 0x00000004d2b80000)
 concurrent mark-sweep generation total 9988756K, used 6832890K [0x00000004d4cc0000, 0x0000000736765000, 0x00000007c0000000)
 Metaspace       used 108564K, capacity 109928K, committed 110064K, reserved 1144832K
  class space    used 13748K, capacity 14025K, committed 14124K, reserved 1048576K
Event: 943.234 GC heap after
Heap after GC invocations=2535 (full 37):
 par new generation   total 306688K, used 6999K [0x00000004c0000000, 0x00000004d4cc0000, 0x00000004d4cc0000)
  eden space 272640K,   0% used [0x00000004c0000000, 0x00000004c0000000, 0x00000004d0a40000)
  from space 34048K,  20% used [0x00000004d0a40000, 0x00000004d1115cd0, 0x00000004d2b80000)
  to   space 34048K,   0% used [0x00000004d2b80000, 0x00000004d2b80000, 0x00000004d4cc0000)
 concurrent mark-sweep generation total 9988756K, used 6832890K [0x00000004d4cc0000, 0x0000000736765000, 0x00000007c0000000)
 Metaspace       used 108564K, capacity 109928K, committed 110064K, reserved 1144832K
  class space    used 13748K, capacity 14025K, committed 14124K, reserved 1048576K
}
Event: 943.417 GC heap before
{Heap before GC invocations=2535 (full 37):
 par new generation   total 306688K, used 279639K [0x00000004c0000000, 0x00000004d4cc0000, 0x00000004d4cc0000)
  eden space 272640K, 100% used [0x00000004c0000000, 0x00000004d0a40000, 0x00000004d0a40000)
  from space 34048K,  20% used [0x00000004d0a40000, 0x00000004d1115cd0, 0x00000004d2b80000)
  to   space 34048K,   0% used [0x00000004d2b80000, 0x00000004d2b80000, 0x00000004d4cc0000)
 concurrent mark-sweep generation total 9988756K, used 6722055K [0x00000004d4cc0000, 0x0000000736765000, 0x00000007c0000000)
 Metaspace       used 108564K, capacity 109928K, committed 110064K, reserved 1144832K
  class space    used 13748K, capacity 14025K, committed 14124K, reserved 1048576K
Event: 943.436 GC heap after
Heap after GC invocations=2536 (full 37):
 par new generation   total 306688K, used 6999K [0x00000004c0000000, 0x00000004d4cc0000, 0x00000004d4cc0000)
  eden space 272640K,   0% used [0x00000004c0000000, 0x00000004c0000000, 0x00000004d0a40000)
  from space 34048K,  20% used [0x00000004d2b80000, 0x00000004d3255cd0, 0x00000004d4cc0000)
  to   space 34048K,   0% used [0x00000004d0a40000, 0x00000004d0a40000, 0x00000004d2b80000)
 concurrent mark-sweep generation total 9988756K, used 6722055K [0x00000004d4cc0000, 0x0000000736765000, 0x00000007c0000000)
 Metaspace       used 108564K, capacity 109928K, committed 110064K, reserved 1144832K
  class space    used 13748K, capacity 14025K, committed 14124K, reserved 1048576K
}
Event: 943.598 GC heap before
{Heap before GC invocations=2536 (full 37):
 par new generation   total 306688K, used 279639K [0x00000004c0000000, 0x00000004d4cc0000, 0x00000004d4cc0000)
  eden space 272640K, 100% used [0x00000004c0000000, 0x00000004d0a40000, 0x00000004d0a40000)
  from space 34048K,  20% used [0x00000004d2b80000, 0x00000004d3255cd0, 0x00000004d4cc0000)
  to   space 34048K,   0% used [0x00000004d0a40000, 0x00000004d0a40000, 0x00000004d2b80000)
 concurrent mark-sweep generation total 9988756K, used 6673888K [0x00000004d4cc0000, 0x0000000736765000, 0x00000007c0000000)
 Metaspace       used 108564K, capacity 109928K, committed 110064K, reserved 1144832K
  class space    used 13748K, capacity 14025K, committed 14124K, reserved 1048576K
Event: 943.617 GC heap after
Heap after GC invocations=2537 (full 37):
 par new generation   total 306688K, used 6223K [0x00000004c0000000, 0x00000004d4cc0000, 0x00000004d4cc0000)
  eden space 272640K,   0% used [0x00000004c0000000, 0x00000004c0000000, 0x00000004d0a40000)
  from space 34048K,  18% used [0x00000004d0a40000, 0x00000004d1053c70, 0x00000004d2b80000)
  to   space 34048K,   0% used [0x00000004d2b80000, 0x00000004d2b80000, 0x00000004d4cc0000)
 concurrent mark-sweep generation total 9988756K, used 6674664K [0x00000004d4cc0000, 0x0000000736765000, 0x00000007c0000000)
 Metaspace       used 108564K, capacity 109928K, committed 110064K, reserved 1144832K
  class space    used 13748K, capacity 14025K, committed 14124K, reserved 1048576K
}
Event: 943.791 GC heap before
{Heap before GC invocations=2537 (full 37):
 par new generation   total 306688K, used 278863K [0x00000004c0000000, 0x00000004d4cc0000, 0x00000004d4cc0000)
  eden space 272640K, 100% used [0x00000004c0000000, 0x00000004d0a40000, 0x00000004d0a40000)
  from space 34048K,  18% used [0x00000004d0a40000, 0x00000004d1053c70, 0x00000004d2b80000)
  to   space 34048K,   0% used [0x00000004d2b80000, 0x00000004d2b80000, 0x00000004d4cc0000)
 concurrent mark-sweep generation total 9988756K, used 6502828K [0x00000004d4cc0000, 0x0000000736765000, 0x00000007c0000000)
 Metaspace       used 108564K, capacity 109928K, committed 110064K, reserved 1144832K
  class space    used 13748K, capacity 14025K, committed 14124K, reserved 1048576K
Event: 943.810 GC heap after
Heap after GC invocations=2538 (full 37):
 par new generation   total 306688K, used 3699K [0x00000004c0000000, 0x00000004d4cc0000, 0x00000004d4cc0000)
  eden space 272640K,   0% used [0x00000004c0000000, 0x00000004c0000000, 0x00000004d0a40000)
  from space 34048K,  10% used [0x00000004d2b80000, 0x00000004d2f1ce80, 0x00000004d4cc0000)
  to   space 34048K,   0% used [0x00000004d0a40000, 0x00000004d0a40000, 0x00000004d2b80000)
 concurrent mark-sweep generation total 9988756K, used 6505352K [0x00000004d4cc0000, 0x0000000736765000, 0x00000007c0000000)
 Metaspace       used 108564K, capacity 109928K, committed 110064K, reserved 1144832K
  class space    used 13748K, capacity 14025K, committed 14124K, reserved 1048576K
}
Event: 943.971 GC heap before
{Heap before GC invocations=2538 (full 37):
 par new generation   total 306688K, used 276339K [0x00000004c0000000, 0x00000004d4cc0000, 0x00000004d4cc0000)
  eden space 272640K, 100% used [0x00000004c0000000, 0x00000004d0a40000, 0x00000004d0a40000)
  from space 34048K,  10% used [0x00000004d2b80000, 0x00000004d2f1ce80, 0x00000004d4cc0000)
  to   space 34048K,   0% used [0x00000004d0a40000, 0x00000004d0a40000, 0x00000004d2b80000)
 concurrent mark-sweep generation total 9988756K, used 6401209K [0x00000004d4cc0000, 0x0000000736765000, 0x00000007c0000000)
 Metaspace       used 108564K, capacity 109928K, committed 110064K, reserved 1144832K
  class space    used 13748K, capacity 14025K, committed 14124K, reserved 1048576K
Event: 943.988 GC heap after
Heap after GC invocations=2539 (full 37):
 par new generation   total 306688K, used 1175K [0x00000004c0000000, 0x00000004d4cc0000, 0x00000004d4cc0000)
  eden space 272640K,   0% used [0x00000004c0000000, 0x00000004c0000000, 0x00000004d0a40000)
  from space 34048K,   3% used [0x00000004d0a40000, 0x00000004d0b65fa8, 0x00000004d2b80000)
  to   space 34048K,   0% used [0x00000004d2b80000, 0x00000004d2b80000, 0x00000004d4cc0000)
 concurrent mark-sweep generation total 9988756K, used 6403733K [0x00000004d4cc0000, 0x0000000736765000, 0x00000007c0000000)
 Metaspace       used 108564K, capacity 109928K, committed 110064K, reserved 1144832K
  class space    used 13748K, capacity 14025K, committed 14124K, reserved 1048576K
}

