# JRE version: OpenJDK Runtime Environment (8.0_121-b13) (build 1.8.0_121-b13)
# Java VM: OpenJDK 64-Bit Server VM (25.121-b13 mixed mode linux-amd64 compressed oops)
Heap:
 par new generation   total 306688K, used 197280K [0x00000004c0000000, 0x00000004d4cc0000, 0x00000004d4cc0000)
  eden space 272640K,  60% used [0x00000004c0000000, 0x00000004ca15d340, 0x00000004d0a40000)
  from space 34048K,  94% used [0x00000004d0a40000, 0x00000004d298adf0, 0x00000004d2b80000)
  to   space 34048K,   0% used [0x00000004d2b80000, 0x00000004d2b80000, 0x00000004d4cc0000)
 concurrent mark-sweep generation total 7236884K, used 4892955K [0x00000004d4cc0000, 0x000000068e805000, 0x00000007c0000000)
 Metaspace       used 97505K, capacity 98546K, committed 98764K, reserved 1134592K
  class space    used 12901K, capacity 13142K, committed 13168K, reserved 1048576K
GC Heap History (10 events):
Event: 2050.602 GC heap before
{Heap before GC invocations=646 (full 24):
 par new generation   total 306688K, used 299974K [0x00000004c0000000, 0x00000004d4cc0000, 0x00000004d4cc0000)
  eden space 272640K, 100% used [0x00000004c0000000, 0x00000004d0a40000, 0x00000004d0a40000)
  from space 34048K,  80% used [0x00000004d2b80000, 0x00000004d4631a20, 0x00000004d4cc0000)
  to   space 34048K,   0% used [0x00000004d0a40000, 0x00000004d0a40000, 0x00000004d2b80000)
 concurrent mark-sweep generation total 7236884K, used 5159639K [0x00000004d4cc0000, 0x000000068e805000, 0x00000007c0000000)
 Metaspace       used 97449K, capacity 98476K, committed 98508K, reserved 1134592K
  class space    used 12898K, capacity 13141K, committed 13168K, reserved 1048576K
Event: 2050.668 GC heap after
Heap after GC invocations=647 (full 24):
 par new generation   total 306688K, used 9421K [0x00000004c0000000, 0x00000004d4cc0000, 0x00000004d4cc0000)
  eden space 272640K,   0% used [0x00000004c0000000, 0x00000004c0000000, 0x00000004d0a40000)
  from space 34048K,  27% used [0x00000004d0a40000, 0x00000004d1373780, 0x00000004d2b80000)
  to   space 34048K,   0% used [0x00000004d2b80000, 0x00000004d2b80000, 0x00000004d4cc0000)
 concurrent mark-sweep generation total 7236884K, used 5176968K [0x00000004d4cc0000, 0x000000068e805000, 0x00000007c0000000)
 Metaspace       used 97449K, capacity 98476K, committed 98508K, reserved 1134592K
  class space    used 12898K, capacity 13141K, committed 13168K, reserved 1048576K
}
Event: 2051.326 GC heap before
{Heap before GC invocations=647 (full 24):
 par new generation   total 306688K, used 282061K [0x00000004c0000000, 0x00000004d4cc0000, 0x00000004d4cc0000)
  eden space 272640K, 100% used [0x00000004c0000000, 0x00000004d0a40000, 0x00000004d0a40000)
  from space 34048K,  27% used [0x00000004d0a40000, 0x00000004d1373780, 0x00000004d2b80000)
  to   space 34048K,   0% used [0x00000004d2b80000, 0x00000004d2b80000, 0x00000004d4cc0000)
 concurrent mark-sweep generation total 7236884K, used 5176968K [0x00000004d4cc0000, 0x000000068e805000, 0x00000007c0000000)
 Metaspace       used 97491K, capacity 98546K, committed 98764K, reserved 1134592K
  class space    used 12901K, capacity 13142K, committed 13168K, reserved 1048576K
Event: 2051.390 GC heap after
Heap after GC invocations=648 (full 24):
 par new generation   total 306688K, used 29663K [0x00000004c0000000, 0x00000004d4cc0000, 0x00000004d4cc0000)
  eden space 272640K,   0% used [0x00000004c0000000, 0x00000004c0000000, 0x00000004d0a40000)
  from space 34048K,  87% used [0x00000004d2b80000, 0x00000004d4877ea8, 0x00000004d4cc0000)
  to   space 34048K,   0% used [0x00000004d0a40000, 0x00000004d0a40000, 0x00000004d2b80000)
 concurrent mark-sweep generation total 7236884K, used 5176968K [0x00000004d4cc0000, 0x000000068e805000, 0x00000007c0000000)
 Metaspace       used 97491K, capacity 98546K, committed 98764K, reserved 1134592K
  class space    used 12901K, capacity 13142K, committed 13168K, reserved 1048576K
}
Event: 2052.128 GC heap before
{Heap before GC invocations=648 (full 24):
 par new generation   total 306688K, used 302303K [0x00000004c0000000, 0x00000004d4cc0000, 0x00000004d4cc0000)
  eden space 272640K, 100% used [0x00000004c0000000, 0x00000004d0a40000, 0x00000004d0a40000)
  from space 34048K,  87% used [0x00000004d2b80000, 0x00000004d4877ea8, 0x00000004d4cc0000)
  to   space 34048K,   0% used [0x00000004d0a40000, 0x00000004d0a40000, 0x00000004d2b80000)
 concurrent mark-sweep generation total 7236884K, used 5176968K [0x00000004d4cc0000, 0x000000068e805000, 0x00000007c0000000)
 Metaspace       used 97502K, capacity 98546K, committed 98764K, reserved 1134592K
  class space    used 12901K, capacity 13142K, committed 13168K, reserved 1048576K
Event: 2052.224 GC heap after
Heap after GC invocations=649 (full 24):
 par new generation   total 306688K, used 10995K [0x00000004c0000000, 0x00000004d4cc0000, 0x00000004d4cc0000)
  eden space 272640K,   0% used [0x00000004c0000000, 0x00000004c0000000, 0x00000004d0a40000)
  from space 34048K,  32% used [0x00000004d0a40000, 0x00000004d14fcca0, 0x00000004d2b80000)
  to   space 34048K,   0% used [0x00000004d2b80000, 0x00000004d2b80000, 0x00000004d4cc0000)
 concurrent mark-sweep generation total 7236884K, used 5202298K [0x00000004d4cc0000, 0x000000068e805000, 0x00000007c0000000)
 Metaspace       used 97502K, capacity 98546K, committed 98764K, reserved 1134592K
  class space    used 12901K, capacity 13142K, committed 13168K, reserved 1048576K
}
Event: 2052.814 GC heap before
{Heap before GC invocations=649 (full 24):
 par new generation   total 306688K, used 283635K [0x00000004c0000000, 0x00000004d4cc0000, 0x00000004d4cc0000)
  eden space 272640K, 100% used [0x00000004c0000000, 0x00000004d0a40000, 0x00000004d0a40000)
  from space 34048K,  32% used [0x00000004d0a40000, 0x00000004d14fcca0, 0x00000004d2b80000)
  to   space 34048K,   0% used [0x00000004d2b80000, 0x00000004d2b80000, 0x00000004d4cc0000)
 concurrent mark-sweep generation total 7236884K, used 5202298K [0x00000004d4cc0000, 0x000000068e805000, 0x00000007c0000000)
 Metaspace       used 97502K, capacity 98546K, committed 98764K, reserved 1134592K
  class space    used 12901K, capacity 13142K, committed 13168K, reserved 1048576K
Event: 2052.864 GC heap after
Heap after GC invocations=650 (full 24):
 par new generation   total 306688K, used 18432K [0x00000004c0000000, 0x00000004d4cc0000, 0x00000004d4cc0000)
  eden space 272640K,   0% used [0x00000004c0000000, 0x00000004c0000000, 0x00000004d0a40000)
  from space 34048K,  54% used [0x00000004d2b80000, 0x00000004d3d80220, 0x00000004d4cc0000)
  to   space 34048K,   0% used [0x00000004d0a40000, 0x00000004d0a40000, 0x00000004d2b80000)
 concurrent mark-sweep generation total 7236884K, used 5202298K [0x00000004d4cc0000, 0x000000068e805000, 0x00000007c0000000)
 Metaspace       used 97502K, capacity 98546K, committed 98764K, reserved 1134592K
  class space    used 12901K, capacity 13142K, committed 13168K, reserved 1048576K
}
Event: 2053.666 GC heap before
{Heap before GC invocations=650 (full 24):
 par new generation   total 306688K, used 291072K [0x00000004c0000000, 0x00000004d4cc0000, 0x00000004d4cc0000)
  eden space 272640K, 100% used [0x00000004c0000000, 0x00000004d0a40000, 0x00000004d0a40000)
  from space 34048K,  54% used [0x00000004d2b80000, 0x00000004d3d80220, 0x00000004d4cc0000)
  to   space 34048K,   0% used [0x00000004d0a40000, 0x00000004d0a40000, 0x00000004d2b80000)
 concurrent mark-sweep generation total 7236884K, used 5110582K [0x00000004d4cc0000, 0x000000068e805000, 0x00000007c0000000)
 Metaspace       used 97503K, capacity 98546K, committed 98764K, reserved 1134592K
  class space    used 12901K, capacity 13142K, committed 13168K, reserved 1048576K
Event: 2053.728 GC heap after
Heap after GC invocations=651 (full 24):
 par new generation   total 306688K, used 32043K [0x00000004c0000000, 0x00000004d4cc0000, 0x00000004d4cc0000)
  eden space 272640K,   0% used [0x00000004c0000000, 0x00000004c0000000, 0x00000004d0a40000)
  from space 34048K,  94% used [0x00000004d0a40000, 0x00000004d298adf0, 0x00000004d2b80000)
  to   space 34048K,   0% used [0x00000004d2b80000, 0x00000004d2b80000, 0x00000004d4cc0000)
 concurrent mark-sweep generation total 7236884K, used 5114406K [0x00000004d4cc0000, 0x000000068e805000, 0x00000007c0000000)
 Metaspace       used 97503K, capacity 98546K, committed 98764K, reserved 1134592K
  class space    used 12901K, capacity 13142K, committed 13168K, reserved 1048576K
}

