# JRE version: OpenJDK Runtime Environment (8.0_121-b13) (build 1.8.0_121-b13)
# Java VM: OpenJDK 64-Bit Server VM (25.121-b13 mixed mode linux-amd64 compressed oops)
Heap:
 par new generation   total 306688K, used 100812K [0x00000004c0000000, 0x00000004d4cc0000, 0x00000004d4cc0000)
  eden space 272640K,  27% used [0x00000004c0000000, 0x00000004c4a10968, 0x00000004d0a40000)
  from space 34048K,  73% used [0x00000004d2b80000, 0x00000004d43e2820, 0x00000004d4cc0000)
  to   space 34048K,   0% used [0x00000004d0a40000, 0x00000004d0a40000, 0x00000004d2b80000)
 concurrent mark-sweep generation total 9690084K, used 6101244K [0x00000004d4cc0000, 0x00000007243b9000, 0x00000007c0000000)
 Metaspace       used 109159K, capacity 110536K, committed 110700K, reserved 1146880K
  class space    used 13770K, capacity 14065K, committed 14168K, reserved 1048576K
GC Heap History (10 events):
Event: 589.010 GC heap before
{Heap before GC invocations=2346 (full 34):
 par new generation   total 306688K, used 275175K [0x00000004c0000000, 0x00000004d4cc0000, 0x00000004d4cc0000)
  eden space 272640K, 100% used [0x00000004c0000000, 0x00000004d0a40000, 0x00000004d0a40000)
  from space 34048K,   7% used [0x00000004d0a40000, 0x00000004d0cb9e88, 0x00000004d2b80000)
  to   space 34048K,   0% used [0x00000004d2b80000, 0x00000004d2b80000, 0x00000004d4cc0000)
 concurrent mark-sweep generation total 9690084K, used 6657905K [0x00000004d4cc0000, 0x00000007243b9000, 0x00000007c0000000)
 Metaspace       used 109159K, capacity 110536K, committed 110700K, reserved 1146880K
  class space    used 13770K, capacity 14065K, committed 14168K, reserved 1048576K
Event: 589.026 GC heap after
Heap after GC invocations=2347 (full 34):
 par new generation   total 306688K, used 1500K [0x00000004c0000000, 0x00000004d4cc0000, 0x00000004d4cc0000)
  eden space 272640K,   0% used [0x00000004c0000000, 0x00000004c0000000, 0x00000004d0a40000)
  from space 34048K,   4% used [0x00000004d2b80000, 0x00000004d2cf7110, 0x00000004d4cc0000)
  to   space 34048K,   0% used [0x00000004d0a40000, 0x00000004d0a40000, 0x00000004d2b80000)
 concurrent mark-sweep generation total 9690084K, used 6659265K [0x00000004d4cc0000, 0x00000007243b9000, 0x00000007c0000000)
 Metaspace       used 109159K, capacity 110536K, committed 110700K, reserved 1146880K
  class space    used 13770K, capacity 14065K, committed 14168K, reserved 1048576K
}
Event: 589.221 GC heap before
{Heap before GC invocations=2347 (full 34):
 par new generation   total 306688K, used 274140K [0x00000004c0000000, 0x00000004d4cc0000, 0x00000004d4cc0000)
  eden space 272640K, 100% used [0x00000004c0000000, 0x00000004d0a40000, 0x00000004d0a40000)
  from space 34048K,   4% used [0x00000004d2b80000, 0x00000004d2cf7110, 0x00000004d4cc0000)
  to   space 34048K,   0% used [0x00000004d0a40000, 0x00000004d0a40000, 0x00000004d2b80000)
 concurrent mark-sweep generation total 9690084K, used 6550827K [0x00000004d4cc0000, 0x00000007243b9000, 0x00000007c0000000)
 Metaspace       used 109159K, capacity 110536K, committed 110700K, reserved 1146880K
  class space    used 13770K, capacity 14065K, committed 14168K, reserved 1048576K
Event: 589.245 GC heap after
Heap after GC invocations=2348 (full 34):
 par new generation   total 306688K, used 8973K [0x00000004c0000000, 0x00000004d4cc0000, 0x00000004d4cc0000)
  eden space 272640K,   0% used [0x00000004c0000000, 0x00000004c0000000, 0x00000004d0a40000)
  from space 34048K,  26% used [0x00000004d0a40000, 0x00000004d13037c0, 0x00000004d2b80000)
  to   space 34048K,   0% used [0x00000004d2b80000, 0x00000004d2b80000, 0x00000004d4cc0000)
 concurrent mark-sweep generation total 9690084K, used 6551475K [0x00000004d4cc0000, 0x00000007243b9000, 0x00000007c0000000)
 Metaspace       used 109159K, capacity 110536K, committed 110700K, reserved 1146880K
  class space    used 13770K, capacity 14065K, committed 14168K, reserved 1048576K
}
Event: 589.425 GC heap before
{Heap before GC invocations=2348 (full 34):
 par new generation   total 306688K, used 281997K [0x00000004c0000000, 0x00000004d4cc0000, 0x00000004d4cc0000)
  eden space 272640K, 100% used [0x00000004c0000000, 0x00000004d0a40000, 0x00000004d0a40000)
  from space 34048K,  27% used [0x00000004d0a40000, 0x00000004d1363458, 0x00000004d2b80000)
  to   space 34048K,   0% used [0x00000004d2b80000, 0x00000004d2b80000, 0x00000004d4cc0000)
 concurrent mark-sweep generation total 9690084K, used 6487372K [0x00000004d4cc0000, 0x00000007243b9000, 0x00000007c0000000)
 Metaspace       used 109159K, capacity 110536K, committed 110700K, reserved 1146880K
  class space    used 13770K, capacity 14065K, committed 14168K, reserved 1048576K
Event: 589.448 GC heap after
Heap after GC invocations=2349 (full 34):
 par new generation   total 306688K, used 16346K [0x00000004c0000000, 0x00000004d4cc0000, 0x00000004d4cc0000)
  eden space 272640K,   0% used [0x00000004c0000000, 0x00000004c0000000, 0x00000004d0a40000)
  from space 34048K,  48% used [0x00000004d2b80000, 0x00000004d3b76bb8, 0x00000004d4cc0000)
  to   space 34048K,   0% used [0x00000004d0a40000, 0x00000004d0a40000, 0x00000004d2b80000)
 concurrent mark-sweep generation total 9690084K, used 6487372K [0x00000004d4cc0000, 0x00000007243b9000, 0x00000007c0000000)
 Metaspace       used 109159K, capacity 110536K, committed 110700K, reserved 1146880K
  class space    used 13770K, capacity 14065K, committed 14168K, reserved 1048576K
}
Event: 589.602 GC heap before
{Heap before GC invocations=2349 (full 34):
 par new generation   total 306688K, used 288986K [0x00000004c0000000, 0x00000004d4cc0000, 0x00000004d4cc0000)
  eden space 272640K, 100% used [0x00000004c0000000, 0x00000004d0a40000, 0x00000004d0a40000)
  from space 34048K,  48% used [0x00000004d2b80000, 0x00000004d3b76bb8, 0x00000004d4cc0000)
  to   space 34048K,   0% used [0x00000004d0a40000, 0x00000004d0a40000, 0x00000004d2b80000)
 concurrent mark-sweep generation total 9690084K, used 6487372K [0x00000004d4cc0000, 0x00000007243b9000, 0x00000007c0000000)
 Metaspace       used 109159K, capacity 110536K, committed 110700K, reserved 1146880K
  class space    used 13770K, capacity 14065K, committed 14168K, reserved 1048576K
Event: 589.632 GC heap after
Heap after GC invocations=2350 (full 34):
 par new generation   total 306688K, used 25626K [0x00000004c0000000, 0x00000004d4cc0000, 0x00000004d4cc0000)
  eden space 272640K,   0% used [0x00000004c0000000, 0x00000004c0000000, 0x00000004d0a40000)
  from space 34048K,  75% used [0x00000004d0a40000, 0x00000004d2346948, 0x00000004d2b80000)
  to   space 34048K,   0% used [0x00000004d2b80000, 0x00000004d2b80000, 0x00000004d4cc0000)
 concurrent mark-sweep generation total 9690084K, used 6487372K [0x00000004d4cc0000, 0x00000007243b9000, 0x00000007c0000000)
 Metaspace       used 109159K, capacity 110536K, committed 110700K, reserved 1146880K
  class space    used 13770K, capacity 14065K, committed 14168K, reserved 1048576K
}
Event: 589.790 GC heap before
{Heap before GC invocations=2350 (full 34):
 par new generation   total 306688K, used 298266K [0x00000004c0000000, 0x00000004d4cc0000, 0x00000004d4cc0000)
  eden space 272640K, 100% used [0x00000004c0000000, 0x00000004d0a40000, 0x00000004d0a40000)
  from space 34048K,  75% used [0x00000004d0a40000, 0x00000004d2346948, 0x00000004d2b80000)
  to   space 34048K,   0% used [0x00000004d2b80000, 0x00000004d2b80000, 0x00000004d4cc0000)
 concurrent mark-sweep generation total 9690084K, used 6407978K [0x00000004d4cc0000, 0x00000007243b9000, 0x00000007c0000000)
 Metaspace       used 109159K, capacity 110536K, committed 110700K, reserved 1146880K
  class space    used 13770K, capacity 14065K, committed 14168K, reserved 1048576K
Event: 589.822 GC heap after
Heap after GC invocations=2351 (full 34):
 par new generation   total 306688K, used 24970K [0x00000004c0000000, 0x00000004d4cc0000, 0x00000004d4cc0000)
  eden space 272640K,   0% used [0x00000004c0000000, 0x00000004c0000000, 0x00000004d0a40000)
  from space 34048K,  73% used [0x00000004d2b80000, 0x00000004d43e2820, 0x00000004d4cc0000)
  to   space 34048K,   0% used [0x00000004d0a40000, 0x00000004d0a40000, 0x00000004d2b80000)
 concurrent mark-sweep generation total 9690084K, used 6416218K [0x00000004d4cc0000, 0x00000007243b9000, 0x00000007c0000000)
 Metaspace       used 109159K, capacity 110536K, committed 110700K, reserved 1146880K
  class space    used 13770K, capacity 14065K, committed 14168K, reserved 1048576K
}

