# JRE version: OpenJDK Runtime Environment (8.0_121-b13) (build 1.8.0_121-b13)
# Java VM: OpenJDK 64-Bit Server VM (25.121-b13 mixed mode linux-amd64 compressed oops)
Heap:
 par new generation   total 306688K, used 105137K [0x00000004c0000000, 0x00000004d4cc0000, 0x00000004d4cc0000)
  eden space 272640K,  26% used [0x00000004c0000000, 0x00000004c45f0ce0, 0x00000004d0a40000)
  from space 34048K,  98% used [0x00000004d2b80000, 0x00000004d4c3b808, 0x00000004d4cc0000)
  to   space 34048K,   0% used [0x00000004d0a40000, 0x00000004d0a40000, 0x00000004d2b80000)
 concurrent mark-sweep generation total 1819452K, used 1322152K [0x00000004d4cc0000, 0x0000000543d8f000, 0x00000007c0000000)
 Metaspace       used 104687K, capacity 105796K, committed 105964K, reserved 1142784K
  class space    used 13368K, capacity 13611K, committed 13636K, reserved 1048576K
GC Heap History (10 events):
Event: 762.832 GC heap before
{Heap before GC invocations=69 (full 13):
 par new generation   total 306688K, used 276528K [0x00000004c0000000, 0x00000004d4cc0000, 0x00000004d4cc0000)
  eden space 272640K,  95% used [0x00000004c0000000, 0x00000004cfd5c3d8, 0x00000004d0a40000)
  from space 34048K,  50% used [0x00000004d0a40000, 0x00000004d1aefc80, 0x00000004d2b80000)
  to   space 34048K,   0% used [0x00000004d2b80000, 0x00000004d2b80000, 0x00000004d4cc0000)
 concurrent mark-sweep generation total 1717444K, used 1182337K [0x00000004d4cc0000, 0x000000053d9f1000, 0x00000007c0000000)
 Metaspace       used 104679K, capacity 105796K, committed 105964K, reserved 1142784K
  class space    used 13366K, capacity 13611K, committed 13636K, reserved 1048576K
Event: 762.998 GC heap after
Heap after GC invocations=70 (full 13):
 par new generation   total 306688K, used 31651K [0x00000004c0000000, 0x00000004d4cc0000, 0x00000004d4cc0000)
  eden space 272640K,   0% used [0x00000004c0000000, 0x00000004c0000000, 0x00000004d0a40000)
  from space 34048K,  92% used [0x00000004d2b80000, 0x00000004d4a68f10, 0x00000004d4cc0000)
  to   space 34048K,   0% used [0x00000004d0a40000, 0x00000004d0a40000, 0x00000004d2b80000)
 concurrent mark-sweep generation total 1717444K, used 1283970K [0x00000004d4cc0000, 0x000000053d9f1000, 0x00000007c0000000)
 Metaspace       used 104679K, capacity 105796K, committed 105964K, reserved 1142784K
  class space    used 13366K, capacity 13611K, committed 13636K, reserved 1048576K
}
Event: 763.058 GC heap before
{Heap before GC invocations=70 (full 14):
 par new generation   total 306688K, used 253021K [0x00000004c0000000, 0x00000004d4cc0000, 0x00000004d4cc0000)
  eden space 272640K,  81% used [0x00000004c0000000, 0x00000004cd82e750, 0x00000004d0a40000)
  from space 34048K,  92% used [0x00000004d2b80000, 0x00000004d4a68f10, 0x00000004d4cc0000)
  to   space 34048K,   0% used [0x00000004d0a40000, 0x00000004d0a40000, 0x00000004d2b80000)
 concurrent mark-sweep generation total 1717444K, used 1283970K [0x00000004d4cc0000, 0x000000053d9f1000, 0x00000007c0000000)
 Metaspace       used 104686K, capacity 105796K, committed 105964K, reserved 1142784K
  class space    used 13368K, capacity 13611K, committed 13636K, reserved 1048576K
Event: 763.248 GC heap after
Heap after GC invocations=71 (full 14):
 par new generation   total 306688K, used 11313K [0x00000004c0000000, 0x00000004d4cc0000, 0x00000004d4cc0000)
  eden space 272640K,   0% used [0x00000004c0000000, 0x00000004c0000000, 0x00000004d0a40000)
  from space 34048K,  33% used [0x00000004d0a40000, 0x00000004d154c7e8, 0x00000004d2b80000)
  to   space 34048K,   0% used [0x00000004d2b80000, 0x00000004d2b80000, 0x00000004d4cc0000)
 concurrent mark-sweep generation total 1717444K, used 1421634K [0x00000004d4cc0000, 0x000000053d9f1000, 0x00000007c0000000)
 Metaspace       used 104686K, capacity 105796K, committed 105964K, reserved 1142784K
  class space    used 13368K, capacity 13611K, committed 13636K, reserved 1048576K
}
Event: 763.315 GC heap before
{Heap before GC invocations=71 (full 14):
 par new generation   total 306688K, used 230405K [0x00000004c0000000, 0x00000004d4cc0000, 0x00000004d4cc0000)
  eden space 272640K,  80% used [0x00000004c0000000, 0x00000004cd5f4e70, 0x00000004d0a40000)
  from space 34048K,  33% used [0x00000004d0a40000, 0x00000004d154c7e8, 0x00000004d2b80000)
  to   space 34048K,   0% used [0x00000004d2b80000, 0x00000004d2b80000, 0x00000004d4cc0000)
 concurrent mark-sweep generation total 1717444K, used 1421634K [0x00000004d4cc0000, 0x000000053d9f1000, 0x00000007c0000000)
 Metaspace       used 104687K, capacity 105796K, committed 105964K, reserved 1142784K
  class space    used 13368K, capacity 13611K, committed 13636K, reserved 1048576K
Event: 763.605 GC heap after
Heap after GC invocations=72 (full 14):
 par new generation   total 306688K, used 2845K [0x00000004c0000000, 0x00000004d4cc0000, 0x00000004d4cc0000)
  eden space 272640K,   0% used [0x00000004c0000000, 0x00000004c0000000, 0x00000004d0a40000)
  from space 34048K,   8% used [0x00000004d2b80000, 0x00000004d2e476a0, 0x00000004d4cc0000)
  to   space 34048K,   0% used [0x00000004d0a40000, 0x00000004d0a40000, 0x00000004d2b80000)
 concurrent mark-sweep generation total 1717444K, used 1577162K [0x00000004d4cc0000, 0x000000053d9f1000, 0x00000007c0000000)
 Metaspace       used 104687K, capacity 105796K, committed 105964K, reserved 1142784K
  class space    used 13368K, capacity 13611K, committed 13636K, reserved 1048576K
}
Event: 763.679 GC heap before
{Heap before GC invocations=72 (full 14):
 par new generation   total 306688K, used 269478K [0x00000004c0000000, 0x00000004d4cc0000, 0x00000004d4cc0000)
  eden space 272640K,  97% used [0x00000004c0000000, 0x00000004d0462438, 0x00000004d0a40000)
  from space 34048K,   8% used [0x00000004d2b80000, 0x00000004d2e476a0, 0x00000004d4cc0000)
  to   space 34048K,   0% used [0x00000004d0a40000, 0x00000004d0a40000, 0x00000004d2b80000)
 concurrent mark-sweep generation total 1717444K, used 1577162K [0x00000004d4cc0000, 0x000000053d9f1000, 0x00000007c0000000)
 Metaspace       used 104687K, capacity 105796K, committed 105964K, reserved 1142784K
  class space    used 13368K, capacity 13611K, committed 13636K, reserved 1048576K
Event: 763.919 GC heap after
Heap after GC invocations=73 (full 14):
 par new generation   total 306688K, used 32524K [0x00000004c0000000, 0x00000004d4cc0000, 0x00000004d4cc0000)
  eden space 272640K,   0% used [0x00000004c0000000, 0x00000004c0000000, 0x00000004d0a40000)
  from space 34048K,  95% used [0x00000004d0a40000, 0x00000004d2a03170, 0x00000004d2b80000)
  to   space 34048K,   0% used [0x00000004d2b80000, 0x00000004d2b80000, 0x00000004d4cc0000)
 concurrent mark-sweep generation total 1819452K, used 1693440K [0x00000004d4cc0000, 0x0000000543d8f000, 0x00000007c0000000)
 Metaspace       used 104687K, capacity 105796K, committed 105964K, reserved 1142784K
  class space    used 13368K, capacity 13611K, committed 13636K, reserved 1048576K
}
Event: 764.012 GC heap before
{Heap before GC invocations=73 (full 14):
 par new generation   total 306688K, used 304493K [0x00000004c0000000, 0x00000004d4cc0000, 0x00000004d4cc0000)
  eden space 272640K,  99% used [0x00000004c0000000, 0x00000004d09985c8, 0x00000004d0a40000)
  from space 34048K,  95% used [0x00000004d0a40000, 0x00000004d2a03170, 0x00000004d2b80000)
  to   space 34048K,   0% used [0x00000004d2b80000, 0x00000004d2b80000, 0x00000004d4cc0000)
 concurrent mark-sweep generation total 1819452K, used 1417921K [0x00000004d4cc0000, 0x0000000543d8f000, 0x00000007c0000000)
 Metaspace       used 104687K, capacity 105796K, committed 105964K, reserved 1142784K
  class space    used 13368K, capacity 13611K, committed 13636K, reserved 1048576K
Event: 764.091 GC heap after
Heap after GC invocations=74 (full 14):
 par new generation   total 306688K, used 33518K [0x00000004c0000000, 0x00000004d4cc0000, 0x00000004d4cc0000)
  eden space 272640K,   0% used [0x00000004c0000000, 0x00000004c0000000, 0x00000004d0a40000)
  from space 34048K,  98% used [0x00000004d2b80000, 0x00000004d4c3b808, 0x00000004d4cc0000)
  to   space 34048K,   0% used [0x00000004d0a40000, 0x00000004d0a40000, 0x00000004d2b80000)
 concurrent mark-sweep generation total 1819452K, used 1667011K [0x00000004d4cc0000, 0x0000000543d8f000, 0x00000007c0000000)
 Metaspace       used 104687K, capacity 105796K, committed 105964K, reserved 1142784K
  class space    used 13368K, capacity 13611K, committed 13636K, reserved 1048576K
}

