# JRE version: OpenJDK Runtime Environment (8.0_121-b13) (build 1.8.0_121-b13)
# Java VM: OpenJDK 64-Bit Server VM (25.121-b13 mixed mode linux-amd64 compressed oops)
Heap:
 par new generation   total 306688K, used 72240K [0x00000004c0000000, 0x00000004d4cc0000, 0x00000004d4cc0000)
  eden space 272640K,  14% used [0x00000004c0000000, 0x00000004c254c3b0, 0x00000004d0a40000)
  from space 34048K,  99% used [0x00000004d2b80000, 0x00000004d4cbfff8, 0x00000004d4cc0000)
  to   space 34048K,   0% used [0x00000004d0a40000, 0x00000004d0a40000, 0x00000004d2b80000)
 concurrent mark-sweep generation total 1564832K, used 1251544K [0x00000004d4cc0000, 0x00000005344e8000, 0x00000007c0000000)
 Metaspace       used 85925K, capacity 86566K, committed 86784K, reserved 1124352K
  class space    used 11509K, capacity 11664K, committed 11664K, reserved 1048576K
GC Heap History (10 events):
Event: 9891.144 GC heap before
{Heap before GC invocations=40 (full 7):
 par new generation   total 306688K, used 256312K [0x00000004c0000000, 0x00000004d4cc0000, 0x00000004d4cc0000)
  eden space 272640K,  82% used [0x00000004c0000000, 0x00000004cdb87620, 0x00000004d0a40000)
  from space 34048K,  92% used [0x00000004d0a40000, 0x00000004d29069e8, 0x00000004d2b80000)
  to   space 34048K,   0% used [0x00000004d2b80000, 0x00000004d2b80000, 0x00000004d4cc0000)
 concurrent mark-sweep generation total 1239676K, used 845438K [0x00000004d4cc0000, 0x000000052075f000, 0x00000007c0000000)
 Metaspace       used 83091K, capacity 83722K, committed 83968K, reserved 1122304K
  class space    used 11165K, capacity 11339K, committed 11408K, reserved 1048576K
Event: 9891.316 GC heap after
Heap after GC invocations=41 (full 7):
 par new generation   total 306688K, used 5K [0x00000004c0000000, 0x00000004d4cc0000, 0x00000004d4cc0000)
  eden space 272640K,   0% used [0x00000004c0000000, 0x00000004c0000000, 0x00000004d0a40000)
  from space 34048K,   0% used [0x00000004d2b80000, 0x00000004d2b81530, 0x00000004d4cc0000)
  to   space 34048K,   0% used [0x00000004d0a40000, 0x00000004d0a40000, 0x00000004d2b80000)
 concurrent mark-sweep generation total 1239676K, used 971401K [0x00000004d4cc0000, 0x000000052075f000, 0x00000007c0000000)
 Metaspace       used 83091K, capacity 83722K, committed 83968K, reserved 1122304K
  class space    used 11165K, capacity 11339K, committed 11408K, reserved 1048576K
}
Event: 9891.383 GC heap before
{Heap before GC invocations=41 (full 7):
 par new generation   total 306688K, used 220570K [0x00000004c0000000, 0x00000004d4cc0000, 0x00000004d4cc0000)
  eden space 272640K,  80% used [0x00000004c0000000, 0x00000004cd765538, 0x00000004d0a40000)
  from space 34048K,   0% used [0x00000004d2b80000, 0x00000004d2b81530, 0x00000004d4cc0000)
  to   space 34048K,   0% used [0x00000004d0a40000, 0x00000004d0a40000, 0x00000004d2b80000)
 concurrent mark-sweep generation total 1239676K, used 971401K [0x00000004d4cc0000, 0x000000052075f000, 0x00000007c0000000)
 Metaspace       used 83096K, capacity 83722K, committed 83968K, reserved 1122304K
  class space    used 11165K, capacity 11339K, committed 11408K, reserved 1048576K
Event: 9891.599 GC heap after
Heap after GC invocations=42 (full 7):
 par new generation   total 306688K, used 16K [0x00000004c0000000, 0x00000004d4cc0000, 0x00000004d4cc0000)
  eden space 272640K,   0% used [0x00000004c0000000, 0x00000004c0000000, 0x00000004d0a40000)
  from space 34048K,   0% used [0x00000004d0a40000, 0x00000004d0a44070, 0x00000004d2b80000)
  to   space 34048K,   0% used [0x00000004d2b80000, 0x00000004d2b80000, 0x00000004d4cc0000)
 concurrent mark-sweep generation total 1239676K, used 1127825K [0x00000004d4cc0000, 0x000000052075f000, 0x00000007c0000000)
 Metaspace       used 83096K, capacity 83722K, committed 83968K, reserved 1122304K
  class space    used 11165K, capacity 11339K, committed 11408K, reserved 1048576K
}
Event: 9891.716 GC heap before
{Heap before GC invocations=42 (full 7):
 par new generation   total 306688K, used 271388K [0x00000004c0000000, 0x00000004d4cc0000, 0x00000004d4cc0000)
  eden space 272640K,  99% used [0x00000004c0000000, 0x00000004d0903148, 0x00000004d0a40000)
  from space 34048K,   0% used [0x00000004d0a40000, 0x00000004d0a44070, 0x00000004d2b80000)
  to   space 34048K,   0% used [0x00000004d2b80000, 0x00000004d2b80000, 0x00000004d4cc0000)
 concurrent mark-sweep generation total 1564832K, used 938896K [0x00000004d4cc0000, 0x00000005344e8000, 0x00000007c0000000)
 Metaspace       used 83113K, capacity 83786K, committed 83968K, reserved 1122304K
  class space    used 11166K, capacity 11339K, committed 11408K, reserved 1048576K
Event: 9891.762 GC heap after
Heap after GC invocations=43 (full 7):
 par new generation   total 306688K, used 32471K [0x00000004c0000000, 0x00000004d4cc0000, 0x00000004d4cc0000)
  eden space 272640K,   0% used [0x00000004c0000000, 0x00000004c0000000, 0x00000004d0a40000)
  from space 34048K,  95% used [0x00000004d2b80000, 0x00000004d4b35f18, 0x00000004d4cc0000)
  to   space 34048K,   0% used [0x00000004d0a40000, 0x00000004d0a40000, 0x00000004d2b80000)
 concurrent mark-sweep generation total 1564832K, used 1051015K [0x00000004d4cc0000, 0x00000005344e8000, 0x00000007c0000000)
 Metaspace       used 83113K, capacity 83786K, committed 83968K, reserved 1122304K
  class space    used 11166K, capacity 11339K, committed 11408K, reserved 1048576K
}
Event: 9891.828 GC heap before
{Heap before GC invocations=43 (full 8):
 par new generation   total 306688K, used 301713K [0x00000004c0000000, 0x00000004d4cc0000, 0x00000004d4cc0000)
  eden space 272640K,  98% used [0x00000004c0000000, 0x00000004d06ee830, 0x00000004d0a40000)
  from space 34048K,  95% used [0x00000004d2b80000, 0x00000004d4b35f18, 0x00000004d4cc0000)
  to   space 34048K,   0% used [0x00000004d0a40000, 0x00000004d0a40000, 0x00000004d2b80000)
 concurrent mark-sweep generation total 1564832K, used 1051015K [0x00000004d4cc0000, 0x00000005344e8000, 0x00000007c0000000)
 Metaspace       used 83113K, capacity 83786K, committed 83968K, reserved 1122304K
  class space    used 11166K, capacity 11339K, committed 11408K, reserved 1048576K
Event: 9892.025 GC heap after
Heap after GC invocations=44 (full 8):
 par new generation   total 306688K, used 31172K [0x00000004c0000000, 0x00000004d4cc0000, 0x00000004d4cc0000)
  eden space 272640K,   0% used [0x00000004c0000000, 0x00000004c0000000, 0x00000004d0a40000)
  from space 34048K,  91% used [0x00000004d0a40000, 0x00000004d28b13e0, 0x00000004d2b80000)
  to   space 34048K,   0% used [0x00000004d2b80000, 0x00000004d2b80000, 0x00000004d4cc0000)
 concurrent mark-sweep generation total 1564832K, used 1308396K [0x00000004d4cc0000, 0x00000005344e8000, 0x00000007c0000000)
 Metaspace       used 83113K, capacity 83786K, committed 83968K, reserved 1122304K
  class space    used 11166K, capacity 11339K, committed 11408K, reserved 1048576K
}
Event: 9892.906 GC heap before
{Heap before GC invocations=44 (full 8):
 par new generation   total 306688K, used 300167K [0x00000004c0000000, 0x00000004d4cc0000, 0x00000004d4cc0000)
  eden space 272640K,  98% used [0x00000004c0000000, 0x00000004d06b0930, 0x00000004d0a40000)
  from space 34048K,  91% used [0x00000004d0a40000, 0x00000004d28b13e0, 0x00000004d2b80000)
  to   space 34048K,   0% used [0x00000004d2b80000, 0x00000004d2b80000, 0x00000004d4cc0000)
 concurrent mark-sweep generation total 1564832K, used 1308396K [0x00000004d4cc0000, 0x00000005344e8000, 0x00000007c0000000)
 Metaspace       used 85902K, capacity 86562K, committed 86784K, reserved 1124352K
  class space    used 11509K, capacity 11664K, committed 11664K, reserved 1048576K
Event: 9893.061 GC heap after
Heap after GC invocations=45 (full 8):
 par new generation   total 306688K, used 34047K [0x00000004c0000000, 0x00000004d4cc0000, 0x00000004d4cc0000)
  eden space 272640K,   0% used [0x00000004c0000000, 0x00000004c0000000, 0x00000004d0a40000)
  from space 34048K,  99% used [0x00000004d2b80000, 0x00000004d4cbfff8, 0x00000004d4cc0000)
  to   space 34048K,   0% used [0x00000004d0a40000, 0x00000004d0a40000, 0x00000004d2b80000)
 concurrent mark-sweep generation total 1564832K, used 1440479K [0x00000004d4cc0000, 0x00000005344e8000, 0x00000007c0000000)
 Metaspace       used 85902K, capacity 86562K, committed 86784K, reserved 1124352K
  class space    used 11509K, capacity 11664K, committed 11664K, reserved 1048576K
}

