# JRE version: OpenJDK Runtime Environment (8.0_121-b13) (build 1.8.0_121-b13)
# Java VM: OpenJDK 64-Bit Server VM (25.121-b13 mixed mode linux-amd64 compressed oops)
Heap:
 par new generation   total 306688K, used 113923K [0x00000004c0000000, 0x00000004d4cc0000, 0x00000004d4cc0000)
  eden space 272640K,  40% used [0x00000004c0000000, 0x00000004c6cf7dc8, 0x00000004d0a40000)
  from space 34048K,   6% used [0x00000004d0a40000, 0x00000004d0c88fd8, 0x00000004d2b80000)
  to   space 34048K,   0% used [0x00000004d2b80000, 0x00000004d2b80000, 0x00000004d4cc0000)
 concurrent mark-sweep generation total 10135648K, used 6460021K [0x00000004d4cc0000, 0x000000073f6d8000, 0x00000007c0000000)
 Metaspace       used 108602K, capacity 109902K, committed 110180K, reserved 1144832K
  class space    used 13742K, capacity 14018K, committed 14096K, reserved 1048576K
GC Heap History (10 events):
Event: 689.957 GC heap before
{Heap before GC invocations=2430 (full 34):
 par new generation   total 306688K, used 278346K [0x00000004c0000000, 0x00000004d4cc0000, 0x00000004d4cc0000)
  eden space 272640K, 100% used [0x00000004c0000000, 0x00000004d0a40000, 0x00000004d0a40000)
  from space 34048K,  16% used [0x00000004d2b80000, 0x00000004d31129e8, 0x00000004d4cc0000)
  to   space 34048K,   0% used [0x00000004d0a40000, 0x00000004d0a40000, 0x00000004d2b80000)
 concurrent mark-sweep generation total 10135648K, used 6855558K [0x00000004d4cc0000, 0x000000073f6d8000, 0x00000007c0000000)
 Metaspace       used 108602K, capacity 109902K, committed 110180K, reserved 1144832K
  class space    used 13742K, capacity 14018K, committed 14096K, reserved 1048576K
Event: 689.975 GC heap after
Heap after GC invocations=2431 (full 34):
 par new generation   total 306688K, used 6464K [0x00000004c0000000, 0x00000004d4cc0000, 0x00000004d4cc0000)
  eden space 272640K,   0% used [0x00000004c0000000, 0x00000004c0000000, 0x00000004d0a40000)
  from space 34048K,  18% used [0x00000004d0a40000, 0x00000004d1090130, 0x00000004d2b80000)
  to   space 34048K,   0% used [0x00000004d2b80000, 0x00000004d2b80000, 0x00000004d4cc0000)
 concurrent mark-sweep generation total 10135648K, used 6855946K [0x00000004d4cc0000, 0x000000073f6d8000, 0x00000007c0000000)
 Metaspace       used 108602K, capacity 109902K, committed 110180K, reserved 1144832K
  class space    used 13742K, capacity 14018K, committed 14096K, reserved 1048576K
}
Event: 690.162 GC heap before
{Heap before GC invocations=2431 (full 34):
 par new generation   total 306688K, used 279104K [0x00000004c0000000, 0x00000004d4cc0000, 0x00000004d4cc0000)
  eden space 272640K, 100% used [0x00000004c0000000, 0x00000004d0a40000, 0x00000004d0a40000)
  from space 34048K,  18% used [0x00000004d0a40000, 0x00000004d1090130, 0x00000004d2b80000)
  to   space 34048K,   0% used [0x00000004d2b80000, 0x00000004d2b80000, 0x00000004d4cc0000)
 concurrent mark-sweep generation total 10135648K, used 6855490K [0x00000004d4cc0000, 0x000000073f6d8000, 0x00000007c0000000)
 Metaspace       used 108602K, capacity 109902K, committed 110180K, reserved 1144832K
  class space    used 13742K, capacity 14018K, committed 14096K, reserved 1048576K
Event: 690.181 GC heap after
Heap after GC invocations=2432 (full 34):
 par new generation   total 306688K, used 5172K [0x00000004c0000000, 0x00000004d4cc0000, 0x00000004d4cc0000)
  eden space 272640K,   0% used [0x00000004c0000000, 0x00000004c0000000, 0x00000004d0a40000)
  from space 34048K,  15% used [0x00000004d2b80000, 0x00000004d308d0d0, 0x00000004d4cc0000)
  to   space 34048K,   0% used [0x00000004d0a40000, 0x00000004d0a40000, 0x00000004d2b80000)
 concurrent mark-sweep generation total 10135648K, used 6856937K [0x00000004d4cc0000, 0x000000073f6d8000, 0x00000007c0000000)
 Metaspace       used 108602K, capacity 109902K, committed 110180K, reserved 1144832K
  class space    used 13742K, capacity 14018K, committed 14096K, reserved 1048576K
}
Event: 690.360 GC heap before
{Heap before GC invocations=2432 (full 34):
 par new generation   total 306688K, used 277812K [0x00000004c0000000, 0x00000004d4cc0000, 0x00000004d4cc0000)
  eden space 272640K, 100% used [0x00000004c0000000, 0x00000004d0a40000, 0x00000004d0a40000)
  from space 34048K,  15% used [0x00000004d2b80000, 0x00000004d308d0d0, 0x00000004d4cc0000)
  to   space 34048K,   0% used [0x00000004d0a40000, 0x00000004d0a40000, 0x00000004d2b80000)
 concurrent mark-sweep generation total 10135648K, used 6828408K [0x00000004d4cc0000, 0x000000073f6d8000, 0x00000007c0000000)
 Metaspace       used 108602K, capacity 109902K, committed 110180K, reserved 1144832K
  class space    used 13742K, capacity 14018K, committed 14096K, reserved 1048576K
Event: 690.378 GC heap after
Heap after GC invocations=2433 (full 34):
 par new generation   total 306688K, used 3991K [0x00000004c0000000, 0x00000004d4cc0000, 0x00000004d4cc0000)
  eden space 272640K,   0% used [0x00000004c0000000, 0x00000004c0000000, 0x00000004d0a40000)
  from space 34048K,  11% used [0x00000004d0a40000, 0x00000004d0e25ca0, 0x00000004d2b80000)
  to   space 34048K,   0% used [0x00000004d2b80000, 0x00000004d2b80000, 0x00000004d4cc0000)
 concurrent mark-sweep generation total 10135648K, used 6829588K [0x00000004d4cc0000, 0x000000073f6d8000, 0x00000007c0000000)
 Metaspace       used 108602K, capacity 109902K, committed 110180K, reserved 1144832K
  class space    used 13742K, capacity 14018K, committed 14096K, reserved 1048576K
}
Event: 690.547 GC heap before
{Heap before GC invocations=2433 (full 34):
 par new generation   total 306688K, used 276631K [0x00000004c0000000, 0x00000004d4cc0000, 0x00000004d4cc0000)
  eden space 272640K, 100% used [0x00000004c0000000, 0x00000004d0a40000, 0x00000004d0a40000)
  from space 34048K,  11% used [0x00000004d0a40000, 0x00000004d0e25ca0, 0x00000004d2b80000)
  to   space 34048K,   0% used [0x00000004d2b80000, 0x00000004d2b80000, 0x00000004d4cc0000)
 concurrent mark-sweep generation total 10135648K, used 6698486K [0x00000004d4cc0000, 0x000000073f6d8000, 0x00000007c0000000)
 Metaspace       used 108602K, capacity 109902K, committed 110180K, reserved 1144832K
  class space    used 13742K, capacity 14018K, committed 14096K, reserved 1048576K
Event: 690.565 GC heap after
Heap after GC invocations=2434 (full 34):
 par new generation   total 306688K, used 2632K [0x00000004c0000000, 0x00000004d4cc0000, 0x00000004d4cc0000)
  eden space 272640K,   0% used [0x00000004c0000000, 0x00000004c0000000, 0x00000004d0a40000)
  from space 34048K,   7% used [0x00000004d2b80000, 0x00000004d2e12038, 0x00000004d4cc0000)
  to   space 34048K,   0% used [0x00000004d0a40000, 0x00000004d0a40000, 0x00000004d2b80000)
 concurrent mark-sweep generation total 10135648K, used 6699846K [0x00000004d4cc0000, 0x000000073f6d8000, 0x00000007c0000000)
 Metaspace       used 108602K, capacity 109902K, committed 110180K, reserved 1144832K
  class space    used 13742K, capacity 14018K, committed 14096K, reserved 1048576K
}
Event: 690.724 GC heap before
{Heap before GC invocations=2434 (full 34):
 par new generation   total 306688K, used 275272K [0x00000004c0000000, 0x00000004d4cc0000, 0x00000004d4cc0000)
  eden space 272640K, 100% used [0x00000004c0000000, 0x00000004d0a40000, 0x00000004d0a40000)
  from space 34048K,   7% used [0x00000004d2b80000, 0x00000004d2e12038, 0x00000004d4cc0000)
  to   space 34048K,   0% used [0x00000004d0a40000, 0x00000004d0a40000, 0x00000004d2b80000)
 concurrent mark-sweep generation total 10135648K, used 6663338K [0x00000004d4cc0000, 0x000000073f6d8000, 0x00000007c0000000)
 Metaspace       used 108602K, capacity 109902K, committed 110180K, reserved 1144832K
  class space    used 13742K, capacity 14018K, committed 14096K, reserved 1048576K
Event: 690.742 GC heap after
Heap after GC invocations=2435 (full 34):
 par new generation   total 306688K, used 2339K [0x00000004c0000000, 0x00000004d4cc0000, 0x00000004d4cc0000)
  eden space 272640K,   0% used [0x00000004c0000000, 0x00000004c0000000, 0x00000004d0a40000)
  from space 34048K,   6% used [0x00000004d0a40000, 0x00000004d0c88fd8, 0x00000004d2b80000)
  to   space 34048K,   0% used [0x00000004d2b80000, 0x00000004d2b80000, 0x00000004d4cc0000)
 concurrent mark-sweep generation total 10135648K, used 6663954K [0x00000004d4cc0000, 0x000000073f6d8000, 0x00000007c0000000)
 Metaspace       used 108602K, capacity 109902K, committed 110180K, reserved 1144832K
  class space    used 13742K, capacity 14018K, committed 14096K, reserved 1048576K
}

