# JRE version: OpenJDK Runtime Environment (8.0_121-b13) (build 1.8.0_121-b13)
# Java VM: OpenJDK 64-Bit Server VM (25.121-b13 mixed mode linux-amd64 compressed oops)
Heap:
 par new generation   total 306688K, used 0K [0x00000004c0000000, 0x00000004d4cc0000, 0x00000004d4cc0000)
  eden space 272640K,   0% used [0x00000004c0000000, 0x00000004c0000000, 0x00000004d0a40000)
  from space 34048K,   0% used [0x00000004d0a40000, 0x00000004d0a40000, 0x00000004d2b80000)
  to   space 34048K,   0% used [0x00000004d2b80000, 0x00000004d2b80000, 0x00000004d4cc0000)
 concurrent mark-sweep generation total 2655276K, used 1848498K [0x00000004d4cc0000, 0x0000000576dcb000, 0x00000007c0000000)
 Metaspace       used 87435K, capacity 88210K, committed 88368K, reserved 1126400K
  class space    used 11791K, capacity 11959K, committed 11996K, reserved 1048576K
GC Heap History (10 events):
Event: 2060.188 GC heap after
Heap after GC invocations=52 (full 9):
 par new generation   total 72576K, used 4213K [0x00000004c0000000, 0x00000004c4ec0000, 0x00000004d4cc0000)
  eden space 64512K,   0% used [0x00000004c0000000, 0x00000004c0000000, 0x00000004c3f00000)
  from space 8064K,  52% used [0x00000004c46e0000, 0x00000004c4afd7c0, 0x00000004c4ec0000)
  to   space 8064K,   0% used [0x00000004c3f00000, 0x00000004c3f00000, 0x00000004c46e0000)
 concurrent mark-sweep generation total 2069208K, used 1288816K [0x00000004d4cc0000, 0x0000000553176000, 0x00000007c0000000)
 Metaspace       used 87416K, capacity 88210K, committed 88368K, reserved 1126400K
  class space    used 11788K, capacity 11959K, committed 11996K, reserved 1048576K
}
Event: 2060.256 GC heap before
{Heap before GC invocations=52 (full 9):
 par new generation   total 72576K, used 58617K [0x00000004c0000000, 0x00000004c4ec0000, 0x00000004d4cc0000)
  eden space 64512K,  84% used [0x00000004c0000000, 0x00000004c3520dc8, 0x00000004c3f00000)
  from space 8064K,  52% used [0x00000004c46e0000, 0x00000004c4afd7c0, 0x00000004c4ec0000)
  to   space 8064K,   0% used [0x00000004c3f00000, 0x00000004c3f00000, 0x00000004c46e0000)
 concurrent mark-sweep generation total 2069208K, used 1288816K [0x00000004d4cc0000, 0x0000000553176000, 0x00000007c0000000)
 Metaspace       used 87416K, capacity 88210K, committed 88368K, reserved 1126400K
  class space    used 11788K, capacity 11959K, committed 11996K, reserved 1048576K
Event: 2060.306 GC heap after
Heap after GC invocations=53 (full 9):
 par new generation   total 306688K, used 0K [0x00000004c0000000, 0x00000004d4cc0000, 0x00000004d4cc0000)
  eden space 272640K,   0% used [0x00000004c0000000, 0x00000004c0000000, 0x00000004d0a40000)
  from space 34048K,   0% used [0x00000004d0a40000, 0x00000004d0a40000, 0x00000004d2b80000)
  to   space 34048K,   0% used [0x00000004d2b80000, 0x00000004d2b80000, 0x00000004d4cc0000)
 concurrent mark-sweep generation total 2069208K, used 1320010K [0x00000004d4cc0000, 0x0000000553176000, 0x00000007c0000000)
 Metaspace       used 87416K, capacity 88210K, committed 88368K, reserved 1126400K
  class space    used 11788K, capacity 11959K, committed 11996K, reserved 1048576K
}
Event: 2060.480 GC heap before
{Heap before GC invocations=53 (full 9):
 par new generation   total 306688K, used 188321K [0x00000004c0000000, 0x00000004d4cc0000, 0x00000004d4cc0000)
  eden space 272640K,  69% used [0x00000004c0000000, 0x00000004cb7e8770, 0x00000004d0a40000)
  from space 34048K,   0% used [0x00000004d0a40000, 0x00000004d0a40000, 0x00000004d2b80000)
  to   space 34048K,   0% used [0x00000004d2b80000, 0x00000004d2b80000, 0x00000004d4cc0000)
 concurrent mark-sweep generation total 2069208K, used 1320010K [0x00000004d4cc0000, 0x0000000553176000, 0x00000007c0000000)
 Metaspace       used 87416K, capacity 88210K, committed 88368K, reserved 1126400K
  class space    used 11788K, capacity 11959K, committed 11996K, reserved 1048576K
Event: 2060.663 GC heap after
Heap after GC invocations=54 (full 9):
 par new generation   total 306688K, used 0K [0x00000004c0000000, 0x00000004d4cc0000, 0x00000004d4cc0000)
  eden space 272640K,   0% used [0x00000004c0000000, 0x00000004c0000000, 0x00000004d0a40000)
  from space 34048K,   0% used [0x00000004d2b80000, 0x00000004d2b80000, 0x00000004d4cc0000)
  to   space 34048K,   0% used [0x00000004d0a40000, 0x00000004d0a40000, 0x00000004d2b80000)
 concurrent mark-sweep generation total 2069208K, used 1444170K [0x00000004d4cc0000, 0x0000000553176000, 0x00000007c0000000)
 Metaspace       used 87416K, capacity 88210K, committed 88368K, reserved 1126400K
  class space    used 11788K, capacity 11959K, committed 11996K, reserved 1048576K
}
Event: 2061.778 GC heap before
{Heap before GC invocations=54 (full 9):
 par new generation   total 306688K, used 266031K [0x00000004c0000000, 0x00000004d4cc0000, 0x00000004d4cc0000)
  eden space 272640K,  97% used [0x00000004c0000000, 0x00000004d03cbeb0, 0x00000004d0a40000)
  from space 34048K,   0% used [0x00000004d2b80000, 0x00000004d2b80000, 0x00000004d4cc0000)
  to   space 34048K,   0% used [0x00000004d0a40000, 0x00000004d0a40000, 0x00000004d2b80000)
 concurrent mark-sweep generation total 2406952K, used 2252430K [0x00000004d4cc0000, 0x0000000567b4a000, 0x00000007c0000000)
 Metaspace       used 87435K, capacity 88210K, committed 88368K, reserved 1126400K
  class space    used 11791K, capacity 11959K, committed 11996K, reserved 1048576K
Event: 2061.805 GC heap after
Heap after GC invocations=55 (full 9):
 par new generation   total 306688K, used 7789K [0x00000004c0000000, 0x00000004d4cc0000, 0x00000004d4cc0000)
  eden space 272640K,   0% used [0x00000004c0000000, 0x00000004c0000000, 0x00000004d0a40000)
  from space 34048K,  22% used [0x00000004d0a40000, 0x00000004d11db7e0, 0x00000004d2b80000)
  to   space 34048K,   0% used [0x00000004d2b80000, 0x00000004d2b80000, 0x00000004d4cc0000)
 concurrent mark-sweep generation total 2406952K, used 2252430K [0x00000004d4cc0000, 0x0000000567b4a000, 0x00000007c0000000)
 Metaspace       used 87435K, capacity 88210K, committed 88368K, reserved 1126400K
  class space    used 11791K, capacity 11959K, committed 11996K, reserved 1048576K
}
Event: 2061.875 GC heap before
{Heap before GC invocations=55 (full 10):
 par new generation   total 306688K, used 244610K [0x00000004c0000000, 0x00000004d4cc0000, 0x00000004d4cc0000)
  eden space 272640K,  86% used [0x00000004c0000000, 0x00000004ce745280, 0x00000004d0a40000)
  from space 34048K,  22% used [0x00000004d0a40000, 0x00000004d11db7e0, 0x00000004d2b80000)
  to   space 34048K,   0% used [0x00000004d2b80000, 0x00000004d2b80000, 0x00000004d4cc0000)
 concurrent mark-sweep generation total 2406952K, used 2252430K [0x00000004d4cc0000, 0x0000000567b4a000, 0x00000007c0000000)
 Metaspace       used 87435K, capacity 88210K, committed 88368K, reserved 1126400K
  class space    used 11791K, capacity 11959K, committed 11996K, reserved 1048576K
Event: 2062.179 GC heap after
Heap after GC invocations=56 (full 10):
 par new generation   total 306688K, used 20K [0x00000004c0000000, 0x00000004d4cc0000, 0x00000004d4cc0000)
  eden space 272640K,   0% used [0x00000004c0000000, 0x00000004c0000000, 0x00000004d0a40000)
  from space 34048K,   0% used [0x00000004d2b80000, 0x00000004d2b85220, 0x00000004d4cc0000)
  to   space 34048K,   0% used [0x00000004d0a40000, 0x00000004d0a40000, 0x00000004d2b80000)
 concurrent mark-sweep generation total 2406952K, used 2376590K [0x00000004d4cc0000, 0x0000000567b4a000, 0x00000007c0000000)
 Metaspace       used 87435K, capacity 88210K, committed 88368K, reserved 1126400K
  class space    used 11791K, capacity 11959K, committed 11996K, reserved 1048576K
}
Event: 2062.252 GC heap before
{Heap before GC invocations=56 (full 10):
 par new generation   total 306688K, used 253574K [0x00000004c0000000, 0x00000004d4cc0000, 0x00000004d4cc0000)
  eden space 272640K,  92% used [0x00000004c0000000, 0x00000004cf79c870, 0x00000004d0a40000)
  from space 34048K,   0% used [0x00000004d2b80000, 0x00000004d2b85220, 0x00000004d4cc0000)
  to   space 34048K,   0% used [0x00000004d0a40000, 0x00000004d0a40000, 0x00000004d2b80000)
 concurrent mark-sweep generation total 2406952K, used 2376590K [0x00000004d4cc0000, 0x0000000567b4a000, 0x00000007c0000000)
 Metaspace       used 87435K, capacity 88210K, committed 88368K, reserved 1126400K
  class space    used 11791K, capacity 11959K, committed 11996K, reserved 1048576K

